<?xml version="1.0" encoding="UTF-8"?>
<!-- Generated by org.testng.reporters.JUnitXMLReporter -->
<testsuite ignored="6" hostname="DESKTOP-9KBGIMS" failures="0" tests="9" name="All_Tests" time="77.629" errors="0" timestamp="2025-03-23T23:20:25 IST">
  <testcase classname="com.Base.BaseClass" name="launchApp" time="5.012"/>
  <testcase classname="com.testcases.HomePageTest" name="verifyText" time="5.81"/>
  <testcase classname="com.Base.BaseClass" name="launchApp" time="4.594"/>
  <testcase classname="com.testcases.LogoutPageTest" name="LogOutPage" time="8.625"/>
  <testcase classname="com.Base.BaseClass" name="launchApp" time="4.961"/>
  <testcase classname="com.Base.BaseClass" name="launchApp" time="4.668"/>
  <testcase classname="com.testcases.LoginPageTest" name="loginTest" time="3.766"/>
  <testcase classname="com.testcases.LoginPageTest" name="verifyLogo" time="4.41"/>
  <testcase classname="com.testcases.LoginPageTest" name="verifyTitle" time="0.013"/>
  <testcase classname="com.Base.BaseClass" name="@BeforeTest loadConfig" time="0.0">
    <ignored/>
  </testcase> <!-- @BeforeTest loadConfig -->
  <testcase classname="com.Base.BaseClass" name="@BeforeTest loadConfig" time="0.0">
    <ignored/>
  </testcase> <!-- @BeforeTest loadConfig -->
  <testcase classname="com.Base.BaseClass" name="@BeforeTest loadConfig" time="0.0">
    <ignored/>
  </testcase> <!-- @BeforeTest loadConfig -->
  <testcase classname="com.Base.BaseClass" name="@BeforeSuite beforeSuite" time="0.0">
    <ignored/>
  </testcase> <!-- @BeforeSuite beforeSuite -->
  <testcase classname="com.Base.BaseClass" name="@BeforeSuite beforeSuite" time="0.0">
    <ignored/>
  </testcase> <!-- @BeforeSuite beforeSuite -->
  <testcase classname="com.Base.BaseClass" name="@BeforeSuite beforeSuite" time="0.0">
    <ignored/>
  </testcase> <!-- @BeforeSuite beforeSuite -->
</testsuite> <!-- All_Tests -->
